<?xml version="1.0" encoding="UTF-8"?>
<testsuite xmlns:xsi="http://www.w3.org/2001/XMLSchema-instance" xsi:noNamespaceSchemaLocation="https://maven.apache.org/surefire/maven-surefire-plugin/xsd/surefire-test-report.xsd" version="3.0.2" name="com.example.AbstractFactoryExampleTest" time="0.053" tests="3" errors="0" skipped="0" failures="0">
  <properties>
[...]
</properties>
  <testcase name="testMacFactoryCreatesMacComponents" classname="com.example.AbstractFactoryExampleTest" time="0.024"/>
  <testcase name="testComponentsCanBePainted" classname="com.example.AbstractFactoryExampleTest" time="0.005">
    <system-out><![CDATA[Windows Button
Windows Checkbox
]]></system-out>
  </testcase>
  <testcase name="testWinFactoryCreatesWindowsComponents" classname="com.example.AbstractFactoryExampleTest" time="0.001"/>
</testsuite>