<?xml version="1.0" encoding="UTF-8"?>
<testsuite xmlns:xsi="http://www.w3.org/2001/XMLSchema-instance" xsi:noNamespaceSchemaLocation="https://maven.apache.org/surefire/maven-surefire-plugin/xsd/surefire-test-report.xsd" version="3.0.2" name="com.example.SingletonTest" time="0.039" tests="2" errors="0" skipped="0" failures="0">
  <properties>
[...]
</properties>
  <testcase name="testSingletonReturnsSameInstance" classname="com.example.SingletonTest" time="0.019"/>
  <testcase name="testShowMessageDoesNotThrowException" classname="com.example.SingletonTest" time="0.003">
    <system-out><![CDATA[Hello from Singleton!
]]></system-out>
  </testcase>
</testsuite>